# JRE version: OpenJDK Runtime Environment (8.0_242-b01) (build 1.8.0_242-release-1644-b01)
# Java VM: OpenJDK 64-Bit Server VM (25.242-b01 mixed mode windows-amd64 compressed oops)
Heap:
 PSYoungGen      total 591872K, used 63941K [0x00000000d5580000, 0x00000000ff980000, 0x0000000100000000)
  eden space 532480K, 0% used [0x00000000d5580000,0x00000000d59f9650,0x00000000f5d80000)
  from space 59392K, 99% used [0x00000000f5d80000,0x00000000f97780e8,0x00000000f9780000)
  to   space 43008K, 0% used [0x00000000f9780000,0x00000000f9780000,0x00000000fc180000)
 ParOldGen       total 285696K, used 126773K [0x0000000080000000, 0x0000000091700000, 0x00000000d5580000)
  object space 285696K, 44% used [0x0000000080000000,0x0000000087bcd590,0x0000000091700000)
 Metaspace       used 109476K, capacity 119464K, committed 119680K, reserved 1150976K
  class space    used 15229K, capacity 17214K, committed 17280K, reserved 1048576K
GC Heap History (10 events):
Event: 17.320 GC heap after
Heap after GC invocations=12 (full 3):
 PSYoungGen      total 394752K, used 23522K [0x00000000d5580000, 0x00000000f6300000, 0x0000000100000000)
  eden space 371200K, 0% used [0x00000000d5580000,0x00000000d5580000,0x00000000ec000000)
  from space 23552K, 99% used [0x00000000ec000000,0x00000000ed6f8a70,0x00000000ed700000)
  to   space 35840K, 0% used [0x00000000f4000000,0x00000000f4000000,0x00000000f6300000)
 ParOldGen       total 181760K, used 56079K [0x0000000080000000, 0x000000008b180000, 0x00000000d5580000)
  object space 181760K, 30% used [0x0000000080000000,0x00000000836c3ee0,0x000000008b180000)
 Metaspace       used 73287K, capacity 77944K, committed 78208K, reserved 1116160K
  class space    used 9938K, capacity 10779K, committed 10880K, reserved 1048576K
}
Event: 25.301 GC heap before
{Heap before GC invocations=13 (full 3):
 PSYoungGen      total 394752K, used 394722K [0x00000000d5580000, 0x00000000f6300000, 0x0000000100000000)
  eden space 371200K, 100% used [0x00000000d5580000,0x00000000ec000000,0x00000000ec000000)
  from space 23552K, 99% used [0x00000000ec000000,0x00000000ed6f8a70,0x00000000ed700000)
  to   space 35840K, 0% used [0x00000000f4000000,0x00000000f4000000,0x00000000f6300000)
 ParOldGen       total 181760K, used 56079K [0x0000000080000000, 0x000000008b180000, 0x00000000d5580000)
  object space 181760K, 30% used [0x0000000080000000,0x00000000836c3ee0,0x000000008b180000)
 Metaspace       used 85940K, capacity 91038K, committed 91264K, reserved 1128448K
  class space    used 11411K, capacity 12320K, committed 12416K, reserved 1048576K
Event: 25.380 GC heap after
Heap after GC invocations=13 (full 3):
 PSYoungGen      total 492032K, used 35829K [0x00000000d5580000, 0x00000000f6900000, 0x0000000100000000)
  eden space 456192K, 0% used [0x00000000d5580000,0x00000000d5580000,0x00000000f1300000)
  from space 35840K, 99% used [0x00000000f4000000,0x00000000f62fd610,0x00000000f6300000)
  to   space 44032K, 0% used [0x00000000f1300000,0x00000000f1300000,0x00000000f3e00000)
 ParOldGen       total 181760K, used 64121K [0x0000000080000000, 0x000000008b180000, 0x00000000d5580000)
  object space 181760K, 35% used [0x0000000080000000,0x0000000083e9e420,0x000000008b180000)
 Metaspace       used 85940K, capacity 91038K, committed 91264K, reserved 1128448K
  class space    used 11411K, capacity 12320K, committed 12416K, reserved 1048576K
}
Event: 36.609 GC heap before
{Heap before GC invocations=14 (full 3):
 PSYoungGen      total 492032K, used 180293K [0x00000000d5580000, 0x00000000f6900000, 0x0000000100000000)
  eden space 456192K, 31% used [0x00000000d5580000,0x00000000de293fb8,0x00000000f1300000)
  from space 35840K, 99% used [0x00000000f4000000,0x00000000f62fd610,0x00000000f6300000)
  to   space 44032K, 0% used [0x00000000f1300000,0x00000000f1300000,0x00000000f3e00000)
 ParOldGen       total 181760K, used 64121K [0x0000000080000000, 0x000000008b180000, 0x00000000d5580000)
  object space 181760K, 35% used [0x0000000080000000,0x0000000083e9e420,0x000000008b180000)
 Metaspace       used 92721K, capacity 98306K, committed 98380K, reserved 1134592K
  class space    used 12347K, capacity 13303K, committed 13312K, reserved 1048576K
Event: 36.704 GC heap after
Heap after GC invocations=14 (full 3):
 PSYoungGen      total 500224K, used 12288K [0x00000000d5580000, 0x00000000fc180000, 0x0000000100000000)
  eden space 456192K, 0% used [0x00000000d5580000,0x00000000d5580000,0x00000000f1300000)
  from space 44032K, 27% used [0x00000000f1300000,0x00000000f1f00000,0x00000000f3e00000)
  to   space 43008K, 0% used [0x00000000f9780000,0x00000000f9780000,0x00000000fc180000)
 ParOldGen       total 181760K, used 98527K [0x0000000080000000, 0x000000008b180000, 0x00000000d5580000)
  object space 181760K, 54% used [0x0000000080000000,0x0000000086037cc0,0x000000008b180000)
 Metaspace       used 92721K, capacity 98306K, committed 98380K, reserved 1134592K
  class space    used 12347K, capacity 13303K, committed 13312K, reserved 1048576K
}
Event: 36.705 GC heap before
{Heap before GC invocations=15 (full 4):
 PSYoungGen      total 500224K, used 12288K [0x00000000d5580000, 0x00000000fc180000, 0x0000000100000000)
  eden space 456192K, 0% used [0x00000000d5580000,0x00000000d5580000,0x00000000f1300000)
  from space 44032K, 27% used [0x00000000f1300000,0x00000000f1f00000,0x00000000f3e00000)
  to   space 43008K, 0% used [0x00000000f9780000,0x00000000f9780000,0x00000000fc180000)
 ParOldGen       total 181760K, used 98527K [0x0000000080000000, 0x000000008b180000, 0x00000000d5580000)
  object space 181760K, 54% used [0x0000000080000000,0x0000000086037cc0,0x000000008b180000)
 Metaspace       used 92721K, capacity 98306K, committed 98380K, reserved 1134592K
  class space    used 12347K, capacity 13303K, committed 13312K, reserved 1048576K
Event: 36.898 GC heap after
Heap after GC invocations=15 (full 4):
 PSYoungGen      total 500224K, used 0K [0x00000000d5580000, 0x00000000fc180000, 0x0000000100000000)
  eden space 456192K, 0% used [0x00000000d5580000,0x00000000d5580000,0x00000000f1300000)
  from space 44032K, 0% used [0x00000000f1300000,0x00000000f1300000,0x00000000f3e00000)
  to   space 43008K, 0% used [0x00000000f9780000,0x00000000f9780000,0x00000000fc180000)
 ParOldGen       total 285696K, used 65681K [0x0000000080000000, 0x0000000091700000, 0x00000000d5580000)
  object space 285696K, 22% used [0x0000000080000000,0x0000000084024650,0x0000000091700000)
 Metaspace       used 91790K, capacity 95540K, committed 98380K, reserved 1134592K
  class space    used 12053K, capacity 12782K, committed 13312K, reserved 1048576K
}
Event: 40.132 GC heap before
{Heap before GC invocations=16 (full 4):
 PSYoungGen      total 500224K, used 456192K [0x00000000d5580000, 0x00000000fc180000, 0x0000000100000000)
  eden space 456192K, 100% used [0x00000000d5580000,0x00000000f1300000,0x00000000f1300000)
  from space 44032K, 0% used [0x00000000f1300000,0x00000000f1300000,0x00000000f3e00000)
  to   space 43008K, 0% used [0x00000000f9780000,0x00000000f9780000,0x00000000fc180000)
 ParOldGen       total 285696K, used 65684K [0x0000000080000000, 0x0000000091700000, 0x00000000d5580000)
  object space 285696K, 22% used [0x0000000080000000,0x0000000084025188,0x0000000091700000)
 Metaspace       used 105403K, capacity 113846K, committed 114176K, reserved 1146880K
  class space    used 14676K, capacity 16517K, committed 16640K, reserved 1048576K
Event: 40.258 GC heap after
Heap after GC invocations=16 (full 4):
 PSYoungGen      total 575488K, used 42998K [0x00000000d5580000, 0x00000000ff980000, 0x0000000100000000)
  eden space 532480K, 0% used [0x00000000d5580000,0x00000000d5580000,0x00000000f5d80000)
  from space 43008K, 99% used [0x00000000f9780000,0x00000000fc17db48,0x00000000fc180000)
  to   space 59392K, 0% used [0x00000000f5d80000,0x00000000f5d80000,0x00000000f9780000)
 ParOldGen       total 285696K, used 92301K [0x0000000080000000, 0x0000000091700000, 0x00000000d5580000)
  object space 285696K, 32% used [0x0000000080000000,0x0000000085a235f8,0x0000000091700000)
 Metaspace       used 105403K, capacity 113846K, committed 114176K, reserved 1146880K
  class space    used 14676K, capacity 16517K, committed 16640K, reserved 1048576K
}
Event: 42.536 GC heap before
{Heap before GC invocations=17 (full 4):
 PSYoungGen      total 575488K, used 575478K [0x00000000d5580000, 0x00000000ff980000, 0x0000000100000000)
  eden space 532480K, 100% used [0x00000000d5580000,0x00000000f5d80000,0x00000000f5d80000)
  from space 43008K, 99% used [0x00000000f9780000,0x00000000fc17db48,0x00000000fc180000)
  to   space 59392K, 0% used [0x00000000f5d80000,0x00000000f5d80000,0x00000000f9780000)
 ParOldGen       total 285696K, used 92390K [0x0000000080000000, 0x0000000091700000, 0x00000000d5580000)
  object space 285696K, 32% used [0x0000000080000000,0x0000000085a398a0,0x0000000091700000)
 Metaspace       used 109476K, capacity 119464K, committed 119680K, reserved 1150976K
  class space    used 15229K, capacity 17214K, committed 17280K, reserved 1048576K

